08-04-2019 18:57:03.219 INFO  com.coop.BackendApplication.logStarting Starting BackendApplication on coperativapc-desktop with PID 19095 (/home/coperativapc/Documents/workspace-spring/backend/target/classes started by coperativapc in /home/coperativapc/Documents/workspace-spring/backend)
08-04-2019 18:57:03.233 INFO  com.coop.BackendApplication.logStartupProfileInfo No active profile set, falling back to default profiles: default
08-04-2019 18:57:03.457 INFO  o.s.b.d.e.DevToolsPropertyDefaultsPostProcessor.logTo Devtools property defaults active! Set 'spring.devtools.add-properties' to 'false' to disable
08-04-2019 18:57:03.461 INFO  o.s.b.d.e.DevToolsPropertyDefaultsPostProcessor.logTo For additional web related logging consider setting the 'logging.level.web' property to 'DEBUG'
08-04-2019 18:57:04.543 INFO  o.s.d.r.c.RepositoryConfigurationDelegate.registerRepositoriesIn Bootstrapping Spring Data repositories in DEFAULT mode.
08-04-2019 18:57:04.606 INFO  o.s.d.r.c.RepositoryConfigurationDelegate.registerRepositoriesIn Finished Spring Data repository scanning in 57ms. Found 5 repository interfaces.
08-04-2019 18:57:04.799 INFO  o.s.c.s.PostProcessorRegistrationDelegate$BeanPostProcessorChecker.postProcessAfterInitialization Bean 'org.springframework.transaction.annotation.ProxyTransactionManagementConfiguration' of type [org.springframework.transaction.annotation.ProxyTransactionManagementConfiguration$$EnhancerBySpringCGLIB$$4a28e349] is not eligible for getting processed by all BeanPostProcessors (for example: not eligible for auto-proxying)
08-04-2019 18:57:05.125 INFO  o.s.b.w.e.tomcat.TomcatWebServer.initialize Tomcat initialized with port(s): 8080 (http)
08-04-2019 18:57:05.140 INFO  o.a.catalina.core.StandardService.log Starting service [Tomcat]
08-04-2019 18:57:05.140 INFO  o.a.catalina.core.StandardEngine.log Starting Servlet engine: [Apache Tomcat/9.0.16]
08-04-2019 18:57:05.145 INFO  o.a.c.core.AprLifecycleListener.log The APR based Apache Tomcat Native library which allows optimal performance in production environments was not found on the java.library.path: [/usr/java/packages/lib/amd64:/usr/lib/x86_64-linux-gnu/jni:/lib/x86_64-linux-gnu:/usr/lib/x86_64-linux-gnu:/usr/lib/jni:/lib:/usr/lib]
08-04-2019 18:57:05.188 INFO  o.a.c.c.C.[Tomcat].[localhost].[/].log Initializing Spring embedded WebApplicationContext
08-04-2019 18:57:05.188 INFO  o.s.web.context.ContextLoader.prepareWebApplicationContext Root WebApplicationContext: initialization completed in 1726 ms
08-04-2019 18:57:05.350 INFO  com.zaxxer.hikari.HikariDataSource.getConnection HikariPool-1 - Starting...
08-04-2019 18:57:05.610 INFO  com.zaxxer.hikari.HikariDataSource.getConnection HikariPool-1 - Start completed.
08-04-2019 18:57:05.635 INFO  o.h.jpa.internal.util.LogHelper.logPersistenceUnitInformation HHH000204: Processing PersistenceUnitInfo [
	name: default
	...]
08-04-2019 18:57:05.703 INFO  org.hibernate.Version.logVersion HHH000412: Hibernate Core {5.3.7.Final}
08-04-2019 18:57:05.704 INFO  org.hibernate.cfg.Environment.<clinit> HHH000206: hibernate.properties not found
08-04-2019 18:57:05.862 INFO  o.h.annotations.common.Version.<clinit> HCANN000001: Hibernate Commons Annotations {5.0.4.Final}
08-04-2019 18:57:05.983 INFO  org.hibernate.dialect.Dialect.<init> HHH000400: Using dialect: org.hibernate.dialect.MySQL57Dialect
08-04-2019 18:57:06.905 WARN  o.h.t.s.i.ExceptionHandlerLoggedImpl.handleException GenerationTarget encountered exception accepting command : Error executing DDL "
    alter table productos_proveedores 
       add constraint FK22dx6omwkuwyxnmb1in1m4nk 
       foreign key (id_producto) 
       references productos (id)" via JDBC Statement
org.hibernate.tool.schema.spi.CommandAcceptanceException: Error executing DDL "
    alter table productos_proveedores 
       add constraint FK22dx6omwkuwyxnmb1in1m4nk 
       foreign key (id_producto) 
       references productos (id)" via JDBC Statement
	at org.hibernate.tool.schema.internal.exec.GenerationTargetToDatabase.accept(GenerationTargetToDatabase.java:67)
	at org.hibernate.tool.schema.internal.AbstractSchemaMigrator.applySqlString(AbstractSchemaMigrator.java:559)
	at org.hibernate.tool.schema.internal.AbstractSchemaMigrator.applySqlStrings(AbstractSchemaMigrator.java:504)
	at org.hibernate.tool.schema.internal.AbstractSchemaMigrator.applyForeignKeys(AbstractSchemaMigrator.java:433)
	at org.hibernate.tool.schema.internal.AbstractSchemaMigrator.performMigration(AbstractSchemaMigrator.java:249)
	at org.hibernate.tool.schema.internal.AbstractSchemaMigrator.doMigration(AbstractSchemaMigrator.java:114)
	at org.hibernate.tool.schema.spi.SchemaManagementToolCoordinator.performDatabaseAction(SchemaManagementToolCoordinator.java:183)
	at org.hibernate.tool.schema.spi.SchemaManagementToolCoordinator.process(SchemaManagementToolCoordinator.java:72)
	at org.hibernate.internal.SessionFactoryImpl.<init>(SessionFactoryImpl.java:310)
	at org.hibernate.boot.internal.SessionFactoryBuilderImpl.build(SessionFactoryBuilderImpl.java:467)
	at org.hibernate.jpa.boot.internal.EntityManagerFactoryBuilderImpl.build(EntityManagerFactoryBuilderImpl.java:939)
	at org.springframework.orm.jpa.vendor.SpringHibernateJpaPersistenceProvider.createContainerEntityManagerFactory(SpringHibernateJpaPersistenceProvider.java:57)
	at org.springframework.orm.jpa.LocalContainerEntityManagerFactoryBean.createNativeEntityManagerFactory(LocalContainerEntityManagerFactoryBean.java:365)
	at org.springframework.orm.jpa.AbstractEntityManagerFactoryBean.buildNativeEntityManagerFactory(AbstractEntityManagerFactoryBean.java:390)
	at org.springframework.orm.jpa.AbstractEntityManagerFactoryBean.afterPropertiesSet(AbstractEntityManagerFactoryBean.java:377)
	at org.springframework.orm.jpa.LocalContainerEntityManagerFactoryBean.afterPropertiesSet(LocalContainerEntityManagerFactoryBean.java:341)
	at org.springframework.beans.factory.support.AbstractAutowireCapableBeanFactory.invokeInitMethods(AbstractAutowireCapableBeanFactory.java:1821)
	at org.springframework.beans.factory.support.AbstractAutowireCapableBeanFactory.initializeBean(AbstractAutowireCapableBeanFactory.java:1758)
	at org.springframework.beans.factory.support.AbstractAutowireCapableBeanFactory.doCreateBean(AbstractAutowireCapableBeanFactory.java:593)
	at org.springframework.beans.factory.support.AbstractAutowireCapableBeanFactory.createBean(AbstractAutowireCapableBeanFactory.java:515)
	at org.springframework.beans.factory.support.AbstractBeanFactory.lambda$doGetBean$0(AbstractBeanFactory.java:320)
	at org.springframework.beans.factory.support.DefaultSingletonBeanRegistry.getSingleton(DefaultSingletonBeanRegistry.java:222)
	at org.springframework.beans.factory.support.AbstractBeanFactory.doGetBean(AbstractBeanFactory.java:318)
	at org.springframework.beans.factory.support.AbstractBeanFactory.getBean(AbstractBeanFactory.java:199)
	at org.springframework.context.support.AbstractApplicationContext.getBean(AbstractApplicationContext.java:1105)
	at org.springframework.context.support.AbstractApplicationContext.finishBeanFactoryInitialization(AbstractApplicationContext.java:867)
	at org.springframework.context.support.AbstractApplicationContext.refresh(AbstractApplicationContext.java:549)
	at org.springframework.boot.web.servlet.context.ServletWebServerApplicationContext.refresh(ServletWebServerApplicationContext.java:142)
	at org.springframework.boot.SpringApplication.refresh(SpringApplication.java:775)
	at org.springframework.boot.SpringApplication.refreshContext(SpringApplication.java:397)
	at org.springframework.boot.SpringApplication.run(SpringApplication.java:316)
	at org.springframework.boot.SpringApplication.run(SpringApplication.java:1260)
	at org.springframework.boot.SpringApplication.run(SpringApplication.java:1248)
	at com.coop.BackendApplication.main(BackendApplication.java:13)
	at sun.reflect.NativeMethodAccessorImpl.invoke0(Native Method)
	at sun.reflect.NativeMethodAccessorImpl.invoke(NativeMethodAccessorImpl.java:62)
	at sun.reflect.DelegatingMethodAccessorImpl.invoke(DelegatingMethodAccessorImpl.java:43)
	at java.lang.reflect.Method.invoke(Method.java:498)
	at org.springframework.boot.devtools.restart.RestartLauncher.run(RestartLauncher.java:49)
Caused by: java.sql.SQLException: Cannot add foreign key constraint
	at com.mysql.cj.jdbc.exceptions.SQLError.createSQLException(SQLError.java:129)
	at com.mysql.cj.jdbc.exceptions.SQLError.createSQLException(SQLError.java:97)
	at com.mysql.cj.jdbc.exceptions.SQLExceptionsMapping.translateException(SQLExceptionsMapping.java:122)
	at com.mysql.cj.jdbc.StatementImpl.executeInternal(StatementImpl.java:782)
	at com.mysql.cj.jdbc.StatementImpl.execute(StatementImpl.java:666)
	at com.zaxxer.hikari.pool.ProxyStatement.execute(ProxyStatement.java:95)
	at com.zaxxer.hikari.pool.HikariProxyStatement.execute(HikariProxyStatement.java)
	at org.hibernate.tool.schema.internal.exec.GenerationTargetToDatabase.accept(GenerationTargetToDatabase.java:54)
	... 38 common frames omitted
08-04-2019 18:57:06.916 INFO  o.s.o.j.LocalContainerEntityManagerFactoryBean.buildNativeEntityManagerFactory Initialized JPA EntityManagerFactory for persistence unit 'default'
08-04-2019 18:57:06.942 INFO  o.s.b.d.a.OptionalLiveReloadServer.startServer LiveReload server is running on port 35729
08-04-2019 18:57:07.364 WARN  o.s.b.a.o.j.JpaBaseConfiguration$JpaWebConfiguration$JpaWebMvcConfiguration.openEntityManagerInViewInterceptor spring.jpa.open-in-view is enabled by default. Therefore, database queries may be performed during view rendering. Explicitly configure spring.jpa.open-in-view to disable this warning
08-04-2019 18:57:07.485 INFO  s.d.s.w.PropertySourcedRequestMappingHandlerMapping.initHandlerMethods Mapped URL path [/v2/api-docs] onto method [public org.springframework.http.ResponseEntity<springfox.documentation.spring.web.json.Json> springfox.documentation.swagger2.web.Swagger2Controller.getDocumentation(java.lang.String,javax.servlet.http.HttpServletRequest)]
08-04-2019 18:57:07.605 INFO  o.s.s.c.ThreadPoolTaskExecutor.initialize Initializing ExecutorService 'applicationTaskExecutor'
08-04-2019 18:57:07.722 INFO  s.d.s.w.p.DocumentationPluginsBootstrapper.start Context refreshed
08-04-2019 18:57:07.740 INFO  s.d.s.w.p.DocumentationPluginsBootstrapper.start Found 1 custom documentation plugin(s)
08-04-2019 18:57:07.762 INFO  s.d.s.w.s.ApiListingReferenceScanner.scan Scanning for api listing references
08-04-2019 18:57:07.859 INFO  s.d.s.w.r.o.CachingOperationNameGenerator.startingWith Generating unique operation named: addUsingPOST_1
08-04-2019 18:57:07.861 INFO  s.d.s.w.r.o.CachingOperationNameGenerator.startingWith Generating unique operation named: deleteUsingDELETE_1
08-04-2019 18:57:07.862 INFO  s.d.s.w.r.o.CachingOperationNameGenerator.startingWith Generating unique operation named: listUsingGET_1
08-04-2019 18:57:07.864 INFO  s.d.s.w.r.o.CachingOperationNameGenerator.startingWith Generating unique operation named: loadUsingGET_1
08-04-2019 18:57:07.865 INFO  s.d.s.w.r.o.CachingOperationNameGenerator.startingWith Generating unique operation named: updateUsingPUT_1
08-04-2019 18:57:07.931 INFO  o.s.b.w.e.tomcat.TomcatWebServer.start Tomcat started on port(s): 8080 (http) with context path ''
08-04-2019 18:57:07.933 INFO  com.coop.BackendApplication.logStarted Started BackendApplication in 5.294 seconds (JVM running for 5.943)
08-04-2019 18:57:29.263 INFO  o.a.c.c.C.[Tomcat].[localhost].[/].log Initializing Spring DispatcherServlet 'dispatcherServlet'
08-04-2019 18:57:29.264 INFO  o.s.web.servlet.DispatcherServlet.initServletBean Initializing Servlet 'dispatcherServlet'
08-04-2019 18:57:29.288 INFO  o.s.web.servlet.DispatcherServlet.initServletBean Completed initialization in 24 ms
08-04-2019 19:10:28.264 INFO  o.s.b.a.SpringApplicationAdminMXBeanRegistrar$SpringApplicationAdmin.shutdown Application shutdown requested.
08-04-2019 19:10:28.267 INFO  o.s.s.c.ThreadPoolTaskExecutor.shutdown Shutting down ExecutorService 'applicationTaskExecutor'
08-04-2019 19:10:28.269 INFO  o.s.o.j.LocalContainerEntityManagerFactoryBean.destroy Closing JPA EntityManagerFactory for persistence unit 'default'
08-04-2019 19:10:28.271 INFO  com.zaxxer.hikari.HikariDataSource.close HikariPool-1 - Shutdown initiated...
08-04-2019 19:10:28.273 INFO  com.zaxxer.hikari.HikariDataSource.close HikariPool-1 - Shutdown completed.
08-04-2019 19:35:39.446 INFO  com.coop.BackendApplication.logStarting Starting BackendApplication on coperativapc-desktop with PID 25398 (/home/coperativapc/Documents/workspace-spring/backend/target/classes started by coperativapc in /home/coperativapc/Documents/workspace-spring/backend)
08-04-2019 19:35:39.448 INFO  com.coop.BackendApplication.logStartupProfileInfo No active profile set, falling back to default profiles: default
08-04-2019 19:35:39.474 INFO  o.s.b.d.e.DevToolsPropertyDefaultsPostProcessor.logTo Devtools property defaults active! Set 'spring.devtools.add-properties' to 'false' to disable
08-04-2019 19:35:39.475 INFO  o.s.b.d.e.DevToolsPropertyDefaultsPostProcessor.logTo For additional web related logging consider setting the 'logging.level.web' property to 'DEBUG'
08-04-2019 19:35:40.060 INFO  o.s.d.r.c.RepositoryConfigurationDelegate.registerRepositoriesIn Bootstrapping Spring Data repositories in DEFAULT mode.
08-04-2019 19:35:40.106 INFO  o.s.d.r.c.RepositoryConfigurationDelegate.registerRepositoriesIn Finished Spring Data repository scanning in 42ms. Found 5 repository interfaces.
08-04-2019 19:35:40.303 INFO  o.s.c.s.PostProcessorRegistrationDelegate$BeanPostProcessorChecker.postProcessAfterInitialization Bean 'org.springframework.transaction.annotation.ProxyTransactionManagementConfiguration' of type [org.springframework.transaction.annotation.ProxyTransactionManagementConfiguration$$EnhancerBySpringCGLIB$$2f58fd4b] is not eligible for getting processed by all BeanPostProcessors (for example: not eligible for auto-proxying)
08-04-2019 19:35:40.525 INFO  o.s.b.w.e.tomcat.TomcatWebServer.initialize Tomcat initialized with port(s): 8080 (http)
08-04-2019 19:35:40.541 INFO  o.a.catalina.core.StandardService.log Starting service [Tomcat]
08-04-2019 19:35:40.541 INFO  o.a.catalina.core.StandardEngine.log Starting Servlet engine: [Apache Tomcat/9.0.16]
08-04-2019 19:35:40.546 INFO  o.a.c.core.AprLifecycleListener.log The APR based Apache Tomcat Native library which allows optimal performance in production environments was not found on the java.library.path: [/usr/java/packages/lib/amd64:/usr/lib/x86_64-linux-gnu/jni:/lib/x86_64-linux-gnu:/usr/lib/x86_64-linux-gnu:/usr/lib/jni:/lib:/usr/lib]
08-04-2019 19:35:40.594 INFO  o.a.c.c.C.[Tomcat].[localhost].[/].log Initializing Spring embedded WebApplicationContext
08-04-2019 19:35:40.594 INFO  o.s.web.context.ContextLoader.prepareWebApplicationContext Root WebApplicationContext: initialization completed in 1119 ms
08-04-2019 19:35:40.703 INFO  com.zaxxer.hikari.HikariDataSource.getConnection HikariPool-1 - Starting...
08-04-2019 19:35:40.837 INFO  com.zaxxer.hikari.HikariDataSource.getConnection HikariPool-1 - Start completed.
08-04-2019 19:35:40.862 INFO  o.h.jpa.internal.util.LogHelper.logPersistenceUnitInformation HHH000204: Processing PersistenceUnitInfo [
	name: default
	...]
08-04-2019 19:35:40.898 INFO  org.hibernate.Version.logVersion HHH000412: Hibernate Core {5.3.7.Final}
08-04-2019 19:35:40.899 INFO  org.hibernate.cfg.Environment.<clinit> HHH000206: hibernate.properties not found
08-04-2019 19:35:40.959 INFO  o.h.annotations.common.Version.<clinit> HCANN000001: Hibernate Commons Annotations {5.0.4.Final}
08-04-2019 19:35:41.019 INFO  org.hibernate.dialect.Dialect.<init> HHH000400: Using dialect: org.hibernate.dialect.MySQL57Dialect
08-04-2019 19:35:41.733 WARN  o.h.t.s.i.ExceptionHandlerLoggedImpl.handleException GenerationTarget encountered exception accepting command : Error executing DDL "
    alter table productos_proveedores 
       add constraint FK22dx6omwkuwyxnmb1in1m4nk 
       foreign key (id_producto) 
       references productos (id)" via JDBC Statement
org.hibernate.tool.schema.spi.CommandAcceptanceException: Error executing DDL "
    alter table productos_proveedores 
       add constraint FK22dx6omwkuwyxnmb1in1m4nk 
       foreign key (id_producto) 
       references productos (id)" via JDBC Statement
	at org.hibernate.tool.schema.internal.exec.GenerationTargetToDatabase.accept(GenerationTargetToDatabase.java:67)
	at org.hibernate.tool.schema.internal.AbstractSchemaMigrator.applySqlString(AbstractSchemaMigrator.java:559)
	at org.hibernate.tool.schema.internal.AbstractSchemaMigrator.applySqlStrings(AbstractSchemaMigrator.java:504)
	at org.hibernate.tool.schema.internal.AbstractSchemaMigrator.applyForeignKeys(AbstractSchemaMigrator.java:433)
	at org.hibernate.tool.schema.internal.AbstractSchemaMigrator.performMigration(AbstractSchemaMigrator.java:249)
	at org.hibernate.tool.schema.internal.AbstractSchemaMigrator.doMigration(AbstractSchemaMigrator.java:114)
	at org.hibernate.tool.schema.spi.SchemaManagementToolCoordinator.performDatabaseAction(SchemaManagementToolCoordinator.java:183)
	at org.hibernate.tool.schema.spi.SchemaManagementToolCoordinator.process(SchemaManagementToolCoordinator.java:72)
	at org.hibernate.internal.SessionFactoryImpl.<init>(SessionFactoryImpl.java:310)
	at org.hibernate.boot.internal.SessionFactoryBuilderImpl.build(SessionFactoryBuilderImpl.java:467)
	at org.hibernate.jpa.boot.internal.EntityManagerFactoryBuilderImpl.build(EntityManagerFactoryBuilderImpl.java:939)
	at org.springframework.orm.jpa.vendor.SpringHibernateJpaPersistenceProvider.createContainerEntityManagerFactory(SpringHibernateJpaPersistenceProvider.java:57)
	at org.springframework.orm.jpa.LocalContainerEntityManagerFactoryBean.createNativeEntityManagerFactory(LocalContainerEntityManagerFactoryBean.java:365)
	at org.springframework.orm.jpa.AbstractEntityManagerFactoryBean.buildNativeEntityManagerFactory(AbstractEntityManagerFactoryBean.java:390)
	at org.springframework.orm.jpa.AbstractEntityManagerFactoryBean.afterPropertiesSet(AbstractEntityManagerFactoryBean.java:377)
	at org.springframework.orm.jpa.LocalContainerEntityManagerFactoryBean.afterPropertiesSet(LocalContainerEntityManagerFactoryBean.java:341)
	at org.springframework.beans.factory.support.AbstractAutowireCapableBeanFactory.invokeInitMethods(AbstractAutowireCapableBeanFactory.java:1821)
	at org.springframework.beans.factory.support.AbstractAutowireCapableBeanFactory.initializeBean(AbstractAutowireCapableBeanFactory.java:1758)
	at org.springframework.beans.factory.support.AbstractAutowireCapableBeanFactory.doCreateBean(AbstractAutowireCapableBeanFactory.java:593)
	at org.springframework.beans.factory.support.AbstractAutowireCapableBeanFactory.createBean(AbstractAutowireCapableBeanFactory.java:515)
	at org.springframework.beans.factory.support.AbstractBeanFactory.lambda$doGetBean$0(AbstractBeanFactory.java:320)
	at org.springframework.beans.factory.support.DefaultSingletonBeanRegistry.getSingleton(DefaultSingletonBeanRegistry.java:222)
	at org.springframework.beans.factory.support.AbstractBeanFactory.doGetBean(AbstractBeanFactory.java:318)
	at org.springframework.beans.factory.support.AbstractBeanFactory.getBean(AbstractBeanFactory.java:199)
	at org.springframework.context.support.AbstractApplicationContext.getBean(AbstractApplicationContext.java:1105)
	at org.springframework.context.support.AbstractApplicationContext.finishBeanFactoryInitialization(AbstractApplicationContext.java:867)
	at org.springframework.context.support.AbstractApplicationContext.refresh(AbstractApplicationContext.java:549)
	at org.springframework.boot.web.servlet.context.ServletWebServerApplicationContext.refresh(ServletWebServerApplicationContext.java:142)
	at org.springframework.boot.SpringApplication.refresh(SpringApplication.java:775)
	at org.springframework.boot.SpringApplication.refreshContext(SpringApplication.java:397)
	at org.springframework.boot.SpringApplication.run(SpringApplication.java:316)
	at org.springframework.boot.SpringApplication.run(SpringApplication.java:1260)
	at org.springframework.boot.SpringApplication.run(SpringApplication.java:1248)
	at com.coop.BackendApplication.main(BackendApplication.java:13)
	at sun.reflect.NativeMethodAccessorImpl.invoke0(Native Method)
	at sun.reflect.NativeMethodAccessorImpl.invoke(NativeMethodAccessorImpl.java:62)
	at sun.reflect.DelegatingMethodAccessorImpl.invoke(DelegatingMethodAccessorImpl.java:43)
	at java.lang.reflect.Method.invoke(Method.java:498)
	at org.springframework.boot.devtools.restart.RestartLauncher.run(RestartLauncher.java:49)
Caused by: java.sql.SQLException: Cannot add foreign key constraint
	at com.mysql.cj.jdbc.exceptions.SQLError.createSQLException(SQLError.java:129)
	at com.mysql.cj.jdbc.exceptions.SQLError.createSQLException(SQLError.java:97)
	at com.mysql.cj.jdbc.exceptions.SQLExceptionsMapping.translateException(SQLExceptionsMapping.java:122)
	at com.mysql.cj.jdbc.StatementImpl.executeInternal(StatementImpl.java:782)
	at com.mysql.cj.jdbc.StatementImpl.execute(StatementImpl.java:666)
	at com.zaxxer.hikari.pool.ProxyStatement.execute(ProxyStatement.java:95)
	at com.zaxxer.hikari.pool.HikariProxyStatement.execute(HikariProxyStatement.java)
	at org.hibernate.tool.schema.internal.exec.GenerationTargetToDatabase.accept(GenerationTargetToDatabase.java:54)
	... 38 common frames omitted
08-04-2019 19:35:41.743 INFO  o.s.o.j.LocalContainerEntityManagerFactoryBean.buildNativeEntityManagerFactory Initialized JPA EntityManagerFactory for persistence unit 'default'
08-04-2019 19:35:41.781 INFO  o.s.b.d.a.OptionalLiveReloadServer.startServer LiveReload server is running on port 35729
08-04-2019 19:35:42.226 WARN  o.s.b.a.o.j.JpaBaseConfiguration$JpaWebConfiguration$JpaWebMvcConfiguration.openEntityManagerInViewInterceptor spring.jpa.open-in-view is enabled by default. Therefore, database queries may be performed during view rendering. Explicitly configure spring.jpa.open-in-view to disable this warning
08-04-2019 19:35:42.433 INFO  s.d.s.w.PropertySourcedRequestMappingHandlerMapping.initHandlerMethods Mapped URL path [/v2/api-docs] onto method [public org.springframework.http.ResponseEntity<springfox.documentation.spring.web.json.Json> springfox.documentation.swagger2.web.Swagger2Controller.getDocumentation(java.lang.String,javax.servlet.http.HttpServletRequest)]
08-04-2019 19:35:42.548 INFO  o.s.s.c.ThreadPoolTaskExecutor.initialize Initializing ExecutorService 'applicationTaskExecutor'
08-04-2019 19:35:42.608 INFO  o.s.b.a.w.s.WelcomePageHandlerMapping.<init> Adding welcome page: class path resource [static/index.html]
08-04-2019 19:35:42.683 INFO  s.d.s.w.p.DocumentationPluginsBootstrapper.start Context refreshed
08-04-2019 19:35:42.694 INFO  s.d.s.w.p.DocumentationPluginsBootstrapper.start Found 1 custom documentation plugin(s)
08-04-2019 19:35:42.721 INFO  s.d.s.w.s.ApiListingReferenceScanner.scan Scanning for api listing references
08-04-2019 19:35:42.836 INFO  s.d.s.w.r.o.CachingOperationNameGenerator.startingWith Generating unique operation named: addUsingPOST_1
08-04-2019 19:35:42.837 INFO  s.d.s.w.r.o.CachingOperationNameGenerator.startingWith Generating unique operation named: deleteUsingDELETE_1
08-04-2019 19:35:42.839 INFO  s.d.s.w.r.o.CachingOperationNameGenerator.startingWith Generating unique operation named: listUsingGET_1
08-04-2019 19:35:42.841 INFO  s.d.s.w.r.o.CachingOperationNameGenerator.startingWith Generating unique operation named: loadUsingGET_1
08-04-2019 19:35:42.842 INFO  s.d.s.w.r.o.CachingOperationNameGenerator.startingWith Generating unique operation named: updateUsingPUT_1
08-04-2019 19:35:42.871 INFO  o.s.b.w.e.tomcat.TomcatWebServer.start Tomcat started on port(s): 8080 (http) with context path ''
08-04-2019 19:35:42.872 INFO  com.coop.BackendApplication.logStarted Started BackendApplication in 3.626 seconds (JVM running for 3.941)
08-04-2019 19:35:46.531 INFO  o.a.c.c.C.[Tomcat].[localhost].[/].log Initializing Spring DispatcherServlet 'dispatcherServlet'
08-04-2019 19:35:46.532 INFO  o.s.web.servlet.DispatcherServlet.initServletBean Initializing Servlet 'dispatcherServlet'
08-04-2019 19:35:46.536 INFO  o.s.web.servlet.DispatcherServlet.initServletBean Completed initialization in 4 ms
